<?xml version="1.0" encoding="UTF-8" ?>
<testsuite tests="4" failures="0" name="geoLocationUtilityPackage.GeoLocationUtilityTest" time="2.933" errors="0" skipped="0">
  <properties>
    <property name="java.runtime.name" value="Java(TM) SE Runtime Environment"/>
    <property name="java.vm.version" value="21.0.1+12-LTS-29"/>
    <property name="sun.boot.library.path" value="C:\Program Files\Java\jdk-21\bin"/>
    <property name="maven.multiModuleProjectDirectory" value="C:\\Users\\sridh\\eclipse-workspace\\LMSUI\\GeoLocation"/>
    <property name="java.vm.vendor" value="Oracle Corporation"/>
    <property name="java.vendor.url" value="https://java.oracle.com/"/>
    <property name="guice.disable.misplaced.annotation.check" value="true"/>
    <property name="path.separator" value=";"/>
    <property name="java.vm.name" value="Java HotSpot(TM) 64-Bit Server VM"/>
    <property name="sun.os.patch.level" value=""/>
    <property name="user.script" value=""/>
    <property name="user.country" value="US"/>
    <property name="sun.java.launcher" value="SUN_STANDARD"/>
    <property name="java.vm.specification.name" value="Java Virtual Machine Specification"/>
    <property name="user.dir" value="C:\Users\sridh\eclipse-workspace\LMSUI\GeoLocation"/>
    <property name="java.vm.compressedOopsMode" value="Zero based"/>
    <property name="java.runtime.version" value="21.0.1+12-LTS-29"/>
    <property name="os.arch" value="amd64"/>
    <property name="java.io.tmpdir" value="C:\Users\sridh\AppData\Local\Temp\"/>
    <property name="line.separator" value="
"/>
    <property name="java.vm.specification.vendor" value="Oracle Corporation"/>
    <property name="user.variant" value=""/>
    <property name="stderr.encoding" value="cp437"/>
    <property name="os.name" value="Windows 11"/>
    <property name="classworlds.conf" value="C:\\Users\\sridh\\Downloads\\apache-maven-3.8.8-bin\\apache-maven-3.8.8\\bin\\m2.conf"/>
    <property name="sun.jnu.encoding" value="Cp1252"/>
    <property name="stdout.encoding" value="cp437"/>
    <property name="java.library.path" value="C:\Program Files\Java\jdk-21\bin;C:\Windows\Sun\Java\bin;C:\Windows\system32;C:\Windows;C:\Program Files\Common Files\Oracle\Java\javapath;C:\Program Files (x86)\Common Files\Oracle\Java\javapath;C:\Windows\system32;C:\Windows;C:\Windows\System32\Wbem;C:\Windows\System32\WindowsPowerShell\v1.0\;C:\Windows\System32\OpenSSH\;C:\Program Files\nodejs\;C:\Program Files\Git\cmd;C:\Program Files\Docker\Docker\resources\bin;C:\Program Files\Amazon\AWSCLIV2\;C:\Program Files\dotnet\;C:\Program Files\PostgreSQL\15\bin;C:\Users\sridh\Downloads\apache-maven-3.8.8-bin\apache-maven-3.8.8\bin;C:\Program Files\PuTTY\;C:\Program Files\Java\jdk-21\bin;C:\Program Files\PostgreSQL\16\bin;C:\Program Files\MySQL\MySQL Shell 8.0\bin\;C:\Users\sridh\AppData\Local\Microsoft\WindowsApps;C:\Users\sridh\AppData\Roaming\npm;C:\Users\sridh\AppData\Local\Programs\Microsoft VS Code\bin;C:\Users\sridh\.dotnet\tools;C:\Program Files\heroku\bin;C:\Users\sridh\eclipse-workspace\allure-2.25.0\bin;."/>
    <property name="maven.conf" value="C:\\Users\\sridh\\Downloads\\apache-maven-3.8.8-bin\\apache-maven-3.8.8/conf"/>
    <property name="jdk.debug" value="release"/>
    <property name="java.class.version" value="65.0"/>
    <property name="java.specification.name" value="Java Platform API Specification"/>
    <property name="sun.management.compiler" value="HotSpot 64-Bit Tiered Compilers"/>
    <property name="os.version" value="10.0"/>
    <property name="library.jansi.path" value="C:\\Users\\sridh\\Downloads\\apache-maven-3.8.8-bin\\apache-maven-3.8.8\\lib\\jansi-native"/>
    <property name="user.home" value="C:\Users\sridh"/>
    <property name="user.timezone" value="America/Los_Angeles"/>
    <property name="file.encoding" value="UTF-8"/>
    <property name="java.specification.version" value="21"/>
    <property name="user.name" value="saranya_jenkins"/>
    <property name="java.class.path" value="C:\\Users\\sridh\\Downloads\\apache-maven-3.8.8-bin\\apache-maven-3.8.8\\boot\\plexus-classworlds-2.6.0.jar"/>
    <property name="java.vm.specification.version" value="21"/>
    <property name="sun.arch.data.model" value="64"/>
    <property name="sun.java.command" value="org.codehaus.plexus.classworlds.launcher.Launcher clean package"/>
    <property name="java.home" value="C:\Program Files\Java\jdk-21"/>
    <property name="user.language" value="en"/>
    <property name="java.specification.vendor" value="Oracle Corporation"/>
    <property name="java.vm.info" value="mixed mode, sharing"/>
    <property name="java.version" value="21.0.1"/>
    <property name="native.encoding" value="Cp1252"/>
    <property name="java.vendor" value="Oracle Corporation"/>
    <property name="maven.home" value="C:\Users\sridh\Downloads\apache-maven-3.8.8-bin\apache-maven-3.8.8"/>
    <property name="file.separator" value="\"/>
    <property name="java.version.date" value="2023-10-17"/>
    <property name="java.vendor.url.bug" value="https://bugreport.java.com/bugreport/"/>
    <property name="sun.io.unicode.encoding" value="UnicodeLittle"/>
    <property name="sun.cpu.endian" value="little"/>
    <property name="sun.cpu.isalist" value="amd64"/>
  </properties>
  <testcase classname="geoLocationUtilityPackage.GeoLocationUtilityTest" name="testGetGeoDataByCity" time="1.973"/>
  <testcase classname="geoLocationUtilityPackage.GeoLocationUtilityTest" name="testInvalidCityOrZip" time="0.543"/>
  <testcase classname="geoLocationUtilityPackage.GeoLocationUtilityTest" name="testGetGeoDataByZip" time="0.191"/>
  <testcase classname="geoLocationUtilityPackage.GeoLocationUtilityTest" name="testMultipleValidInputs" time="0.226"/>
</testsuite>